# JRE version: OpenJDK Runtime Environment (17.0.6) (build 17.0.6+0-b2043.56-10027231)
# Java VM: OpenJDK 64-Bit Server VM (17.0.6+0-b2043.56-10027231, mixed mode, tiered, compressed oops, compressed class ptrs, g1 gc, windows-amd64)
GC Precious Log:
 CPUs: 4 total, 4 available
 Memory: 8121M
 Large Page Support: Disabled
 NUMA Support: Disabled
 Compressed Oops: Enabled (32-bit)
 Heap Region Size: 1M
 Heap Min Capacity: 8M
 Heap Initial Capacity: 128M
 Heap Max Capacity: 1536M
 Pre-touch: Disabled
 Parallel Workers: 4
 Concurrent Workers: 1
 Concurrent Refinement Workers: 4
 Periodic GC: Disabled
Heap:
 garbage-first heap   total 65536K, used 24364K [0x00000000a0000000, 0x0000000100000000)
  region size 1024K, 7 young (7168K), 1 survivors (1024K)
 Metaspace       used 27540K, committed 27840K, reserved 1073152K
  class space    used 3651K, committed 3776K, reserved 1048576K
GC Heap History (12 events):
Event: 3.477 GC heap before
{Heap before GC invocations=0 (full 0):
 garbage-first heap   total 131072K, used 15360K [0x00000000a0000000, 0x0000000100000000)
  region size 1024K, 13 young (13312K), 0 survivors (0K)
 Metaspace       used 7062K, committed 7232K, reserved 1056768K
  class space    used 605K, committed 704K, reserved 1048576K
}
Event: 3.588 GC heap after
{Heap after GC invocations=1 (full 0):
 garbage-first heap   total 131072K, used 3680K [0x00000000a0000000, 0x0000000100000000)
  region size 1024K, 2 young (2048K), 2 survivors (2048K)
 Metaspace       used 7062K, committed 7232K, reserved 1056768K
  class space    used 605K, committed 704K, reserved 1048576K
}
Event: 6.114 GC heap before
{Heap before GC invocations=1 (full 0):
 garbage-first heap   total 131072K, used 22112K [0x00000000a0000000, 0x0000000100000000)
  region size 1024K, 17 young (17408K), 2 survivors (2048K)
 Metaspace       used 11088K, committed 11264K, reserved 1064960K
  class space    used 1159K, committed 1280K, reserved 1048576K
}
Event: 6.120 GC heap after
{Heap after GC invocations=2 (full 0):
 garbage-first heap   total 131072K, used 9334K [0x00000000a0000000, 0x0000000100000000)
  region size 1024K, 3 young (3072K), 3 survivors (3072K)
 Metaspace       used 11088K, committed 11264K, reserved 1064960K
  class space    used 1159K, committed 1280K, reserved 1048576K
}
Event: 9.351 GC heap before
{Heap before GC invocations=2 (full 0):
 garbage-first heap   total 131072K, used 30838K [0x00000000a0000000, 0x0000000100000000)
  region size 1024K, 24 young (24576K), 3 survivors (3072K)
 Metaspace       used 11200K, committed 11392K, reserved 1064960K
  class space    used 1160K, committed 1280K, reserved 1048576K
}
Event: 9.359 GC heap after
{Heap after GC invocations=3 (full 0):
 garbage-first heap   total 131072K, used 11936K [0x00000000a0000000, 0x0000000100000000)
  region size 1024K, 3 young (3072K), 3 survivors (3072K)
 Metaspace       used 11200K, committed 11392K, reserved 1064960K
  class space    used 1160K, committed 1280K, reserved 1048576K
}
Event: 16.809 GC heap before
{Heap before GC invocations=3 (full 0):
 garbage-first heap   total 131072K, used 52896K [0x00000000a0000000, 0x0000000100000000)
  region size 1024K, 44 young (45056K), 3 survivors (3072K)
 Metaspace       used 21265K, committed 21504K, reserved 1073152K
  class space    used 2578K, committed 2688K, reserved 1048576K
}
Event: 16.821 GC heap after
{Heap after GC invocations=4 (full 0):
 garbage-first heap   total 131072K, used 17326K [0x00000000a0000000, 0x0000000100000000)
  region size 1024K, 8 young (8192K), 8 survivors (8192K)
 Metaspace       used 21265K, committed 21504K, reserved 1073152K
  class space    used 2578K, committed 2688K, reserved 1048576K
}
Event: 20.821 GC heap before
{Heap before GC invocations=5 (full 0):
 garbage-first heap   total 65536K, used 47022K [0x00000000a0000000, 0x0000000100000000)
  region size 1024K, 38 young (38912K), 8 survivors (8192K)
 Metaspace       used 26315K, committed 26624K, reserved 1073152K
  class space    used 3440K, committed 3584K, reserved 1048576K
}
Event: 20.834 GC heap after
{Heap after GC invocations=6 (full 0):
 garbage-first heap   total 65536K, used 19582K [0x00000000a0000000, 0x0000000100000000)
  region size 1024K, 3 young (3072K), 3 survivors (3072K)
 Metaspace       used 26315K, committed 26624K, reserved 1073152K
  class space    used 3440K, committed 3584K, reserved 1048576K
}
Event: 21.224 GC heap before
{Heap before GC invocations=6 (full 0):
 garbage-first heap   total 65536K, used 19582K [0x00000000a0000000, 0x0000000100000000)
  region size 1024K, 4 young (4096K), 3 survivors (3072K)
 Metaspace       used 26509K, committed 26816K, reserved 1073152K
  class space    used 3468K, committed 3584K, reserved 1048576K
}
Event: 21.240 GC heap after
{Heap after GC invocations=7 (full 0):
 garbage-first heap   total 65536K, used 19244K [0x00000000a0000000, 0x0000000100000000)
  region size 1024K, 1 young (1024K), 1 survivors (1024K)
 Metaspace       used 26509K, committed 26816K, reserved 1073152K
  class space    used 3468K, committed 3584K, reserved 1048576K
}

